<?xml version="1.0" encoding="UTF-8"?>
<!-- Generated by org.testng.reporters.JUnitXMLReporter -->
<testsuite hostname="BDC8-LX-6020J6J" ignored="0" name="Default test" tests="3" failures="0" timestamp="2019-11-14T03:31:14 PST" time="355.256" errors="0">
  <testcase name="Test" time="0.583" classname="SeleniumSession.TestNGPractice"/>
  <testcase name="Test1" time="0.074" classname="SeleniumSession.TestNGPractice"/>
  <testcase name="Test3" time="0.588" classname="SeleniumSession.TestNGPractice"/>
</testsuite> <!-- Default test -->
