<?xml version="1.0" encoding="UTF-8"?>
<testng-results skipped="0" failed="0" ignored="0" total="3" passed="3">
  <reporter-output>
  </reporter-output>
  <suite name="Default suite" duration-ms="355256" started-at="2019-11-14T03:25:19 PST" finished-at="2019-11-14T03:31:14 PST">
    <groups>
    </groups>
    <test name="Default test" duration-ms="355256" started-at="2019-11-14T03:25:19 PST" finished-at="2019-11-14T03:31:14 PST">
      <class name="SeleniumSession.TestNGPractice">
        <test-method status="PASS" signature="BeforeMethod()[pri:0, instance:SeleniumSession.TestNGPractice@6b09bb57]" name="BeforeMethod" is-config="true" duration-ms="88322" started-at="2019-11-14T03:25:19 PST" finished-at="2019-11-14T03:26:48 PST">
          <reporter-output>
          </reporter-output>
        </test-method> <!-- BeforeMethod -->
        <test-method status="PASS" signature="Test()[pri:0, instance:SeleniumSession.TestNGPractice@6b09bb57]" name="Test" duration-ms="583" started-at="2019-11-14T03:26:48 PST" finished-at="2019-11-14T03:26:48 PST">
          <reporter-output>
          </reporter-output>
        </test-method> <!-- Test -->
        <test-method status="PASS" signature="AfterMethod()[pri:0, instance:SeleniumSession.TestNGPractice@6b09bb57]" name="AfterMethod" is-config="true" duration-ms="17742" started-at="2019-11-14T03:26:48 PST" finished-at="2019-11-14T03:27:06 PST">
          <reporter-output>
          </reporter-output>
        </test-method> <!-- AfterMethod -->
        <test-method status="PASS" signature="BeforeMethod()[pri:0, instance:SeleniumSession.TestNGPractice@6b09bb57]" name="BeforeMethod" is-config="true" duration-ms="73827" started-at="2019-11-14T03:27:06 PST" finished-at="2019-11-14T03:28:20 PST">
          <reporter-output>
          </reporter-output>
        </test-method> <!-- BeforeMethod -->
        <test-method status="PASS" signature="Test1()[pri:0, instance:SeleniumSession.TestNGPractice@6b09bb57]" name="Test1" duration-ms="74" started-at="2019-11-14T03:28:20 PST" finished-at="2019-11-14T03:28:20 PST">
          <reporter-output>
          </reporter-output>
        </test-method> <!-- Test1 -->
        <test-method status="PASS" signature="AfterMethod()[pri:0, instance:SeleniumSession.TestNGPractice@6b09bb57]" name="AfterMethod" is-config="true" duration-ms="10861" started-at="2019-11-14T03:28:20 PST" finished-at="2019-11-14T03:28:31 PST">
          <reporter-output>
          </reporter-output>
        </test-method> <!-- AfterMethod -->
        <test-method status="PASS" signature="BeforeMethod()[pri:0, instance:SeleniumSession.TestNGPractice@6b09bb57]" name="BeforeMethod" is-config="true" duration-ms="161406" started-at="2019-11-14T03:28:31 PST" finished-at="2019-11-14T03:31:12 PST">
          <reporter-output>
          </reporter-output>
        </test-method> <!-- BeforeMethod -->
        <test-method status="PASS" signature="Test3()[pri:0, instance:SeleniumSession.TestNGPractice@6b09bb57]" name="Test3" duration-ms="588" started-at="2019-11-14T03:31:12 PST" finished-at="2019-11-14T03:31:13 PST">
          <reporter-output>
          </reporter-output>
        </test-method> <!-- Test3 -->
        <test-method status="PASS" signature="AfterMethod()[pri:0, instance:SeleniumSession.TestNGPractice@6b09bb57]" name="AfterMethod" is-config="true" duration-ms="1605" started-at="2019-11-14T03:31:13 PST" finished-at="2019-11-14T03:31:14 PST">
          <reporter-output>
          </reporter-output>
        </test-method> <!-- AfterMethod -->
      </class> <!-- SeleniumSession.TestNGPractice -->
    </test> <!-- Default test -->
  </suite> <!-- Default suite -->
</testng-results>
